<?xml version="1.0" encoding="UTF-8"?>
<testsuites name="Mocha Tests" time="8.8460" tests="3" failures="0">
  <testsuite name="Root Suite" timestamp="2022-03-06T13:28:59" tests="0" file="cypress/integration/app/index.spec.js" time="0.0000" failures="0">
  </testsuite>
  <testsuite name="top" timestamp="2022-03-06T13:28:59" tests="3" time="8.8460" failures="0">
    <testcase name="top should render album list" time="3.9940" classname="should render album list">
    </testcase>
    <testcase name="top should create an album" time="2.4950" classname="should create an album">
    </testcase>
    <testcase name="top should delete an album" time="2.3570" classname="should delete an album">
    </testcase>
  </testsuite>
</testsuites>